<?xml version="1.0" encoding="UTF-8"?>
<testsuite xmlns:xsi="http://www.w3.org/2001/XMLSchema-instance" xsi:noNamespaceSchemaLocation="https://maven.apache.org/surefire/maven-surefire-plugin/xsd/surefire-test-report.xsd" version="3.0.2" name="fi.monopoly.server.session.PureDomainBotDriverTest" time="0.118" tests="15" errors="0" skipped="0" failures="0">
  <properties>
[...]
</properties>
  <testcase name="botAuctionWinnerDispatchesFinishResolutionCommand" classname="fi.monopoly.server.session.PureDomainBotDriverTest" time="0.031">
    <system-out><![CDATA[&amp#27;[34m23:08:09.099 INFO &amp#27;[0;39m &amp#27;[1;36m[turn=]&amp#27;[0;39m f.m.s.s.PureDomainBotDriver - Bot driver registered for session test-sid — bots: [player-bot] difficulties: {player-bot=NORMAL}
]]></system-out>
  </testcase>
  <testcase name="normalBotUnmortgagesWhenOwnsFullGroupAndHasCash" classname="fi.monopoly.server.session.PureDomainBotDriverTest" time="0.01">
    <system-out><![CDATA[&amp#27;[34m23:08:09.118 INFO &amp#27;[0;39m &amp#27;[1;36m[turn=]&amp#27;[0;39m f.m.s.s.PureDomainBotDriver - Bot driver registered for session test-sid — bots: [player-bot] difficulties: {player-bot=NORMAL}
]]></system-out>
  </testcase>
  <testcase name="normalBotDeclinesUnfavorableTradeOffer" classname="fi.monopoly.server.session.PureDomainBotDriverTest" time="0.002">
    <system-out><![CDATA[&amp#27;[34m23:08:09.127 INFO &amp#27;[0;39m &amp#27;[1;36m[turn=]&amp#27;[0;39m f.m.s.s.PureDomainBotDriver - Bot driver registered for session test-sid — bots: [player-bot] difficulties: {player-bot=NORMAL}
]]></system-out>
  </testcase>
  <testcase name="normalBotDoesNotUnmortgageWithInsufficientReserve" classname="fi.monopoly.server.session.PureDomainBotDriverTest" time="0.004">
    <system-out><![CDATA[&amp#27;[34m23:08:09.130 INFO &amp#27;[0;39m &amp#27;[1;36m[turn=]&amp#27;[0;39m f.m.s.s.PureDomainBotDriver - Bot driver registered for session test-sid — bots: [player-bot] difficulties: {player-bot=NORMAL}
]]></system-out>
  </testcase>
  <testcase name="normalBotBuysAffordableProperty" classname="fi.monopoly.server.session.PureDomainBotDriverTest" time="0.01">
    <system-out><![CDATA[&amp#27;[34m23:08:09.136 INFO &amp#27;[0;39m &amp#27;[1;36m[turn=]&amp#27;[0;39m f.m.s.s.PureDomainBotDriver - Bot driver registered for session test-sid — bots: [player-bot] difficulties: {player-bot=NORMAL}
]]></system-out>
  </testcase>
  <testcase name="debtHandlerMortgagesPropertyWhenSellBuildingAllowedButNoBuildingsExist" classname="fi.monopoly.server.session.PureDomainBotDriverTest" time="0.005">
    <system-out><![CDATA[&amp#27;[34m23:08:09.146 INFO &amp#27;[0;39m &amp#27;[1;36m[turn=]&amp#27;[0;39m f.m.s.s.PureDomainBotDriver - Bot driver registered for session test-sid — bots: [player-bot] difficulties: {player-bot=NORMAL}
]]></system-out>
  </testcase>
  <testcase name="strongBotEditsTradeByRequestingTargetProperty" classname="fi.monopoly.server.session.PureDomainBotDriverTest" time="0.008">
    <system-out><![CDATA[&amp#27;[34m23:08:09.151 INFO &amp#27;[0;39m &amp#27;[1;36m[turn=]&amp#27;[0;39m f.m.s.s.PureDomainBotDriver - Bot driver registered for session test-sid — bots: [player-bot] difficulties: {player-bot=STRONG}
]]></system-out>
  </testcase>
  <testcase name="strongBotSubmitsWhenOfferIsComplete" classname="fi.monopoly.server.session.PureDomainBotDriverTest" time="0.004">
    <system-out><![CDATA[&amp#27;[34m23:08:09.160 INFO &amp#27;[0;39m &amp#27;[1;36m[turn=]&amp#27;[0;39m f.m.s.s.PureDomainBotDriver - Bot driver registered for session test-sid — bots: [player-bot] difficulties: {player-bot=STRONG}
]]></system-out>
  </testcase>
  <testcase name="normalBotBuildsHouseWhenCompleteColorGroupOwned" classname="fi.monopoly.server.session.PureDomainBotDriverTest" time="0.002">
    <system-out><![CDATA[&amp#27;[34m23:08:09.163 INFO &amp#27;[0;39m &amp#27;[1;36m[turn=]&amp#27;[0;39m f.m.s.s.PureDomainBotDriver - Bot driver registered for session test-sid — bots: [player-bot] difficulties: {player-bot=NORMAL}
]]></system-out>
  </testcase>
  <testcase name="normalBotEndsWhenInsufficientCashToBuild" classname="fi.monopoly.server.session.PureDomainBotDriverTest" time="0.003">
    <system-out><![CDATA[&amp#27;[34m23:08:09.165 INFO &amp#27;[0;39m &amp#27;[1;36m[turn=]&amp#27;[0;39m f.m.s.s.PureDomainBotDriver - Bot driver registered for session test-sid — bots: [player-bot] difficulties: {player-bot=NORMAL}
]]></system-out>
  </testcase>
  <testcase name="easyBotDeclinesAtLeastSomePurchasesOverManyTrials" classname="fi.monopoly.server.session.PureDomainBotDriverTest" time="0.013">
    <system-out><![CDATA[&amp#27;[34m23:08:09.169 INFO &amp#27;[0;39m &amp#27;[1;36m[turn=]&amp#27;[0;39m f.m.s.s.PureDomainBotDriver - Bot driver registered for session test-sid — bots: [player-bot] difficulties: {player-bot=EASY}
&amp#27;[34m23:08:09.172 INFO &amp#27;[0;39m &amp#27;[1;36m[turn=]&amp#27;[0;39m f.m.s.s.PureDomainBotDriver - Bot driver registered for session test-sid — bots: [player-bot] difficulties: {player-bot=EASY}
&amp#27;[34m23:08:09.173 INFO &amp#27;[0;39m &amp#27;[1;36m[turn=]&amp#27;[0;39m f.m.s.s.PureDomainBotDriver - Bot driver registered for session test-sid — bots: [player-bot] difficulties: {player-bot=EASY}
&amp#27;[34m23:08:09.174 INFO &amp#27;[0;39m &amp#27;[1;36m[turn=]&amp#27;[0;39m f.m.s.s.PureDomainBotDriver - Bot driver registered for session test-sid — bots: [player-bot] difficulties: {player-bot=EASY}
&amp#27;[34m23:08:09.175 INFO &amp#27;[0;39m &amp#27;[1;36m[turn=]&amp#27;[0;39m f.m.s.s.PureDomainBotDriver - Bot driver registered for session test-sid — bots: [player-bot] difficulties: {player-bot=EASY}
&amp#27;[34m23:08:09.175 INFO &amp#27;[0;39m &amp#27;[1;36m[turn=]&amp#27;[0;39m f.m.s.s.PureDomainBotDriver - Bot driver registered for session test-sid — bots: [player-bot] difficulties: {player-bot=EASY}
&amp#27;[34m23:08:09.176 INFO &amp#27;[0;39m &amp#27;[1;36m[turn=]&amp#27;[0;39m f.m.s.s.PureDomainBotDriver - Bot driver registered for session test-sid — bots: [player-bot] difficulties: {player-bot=EASY}
&amp#27;[34m23:08:09.176 INFO &amp#27;[0;39m &amp#27;[1;36m[turn=]&amp#27;[0;39m f.m.s.s.PureDomainBotDriver - Bot driver registered for session test-sid — bots: [player-bot] difficulties: {player-bot=EASY}
&amp#27;[34m23:08:09.177 INFO &amp#27;[0;39m &amp#27;[1;36m[turn=]&amp#27;[0;39m f.m.s.s.PureDomainBotDriver - Bot driver registered for session test-sid — bots: [player-bot] difficulties: {player-bot=EASY}
&amp#27;[34m23:08:09.178 INFO &amp#27;[0;39m &amp#27;[1;36m[turn=]&amp#27;[0;39m f.m.s.s.PureDomainBotDriver - Bot driver registered for session test-sid — bots: [player-bot] difficulties: {player-bot=EASY}
&amp#27;[34m23:08:09.178 INFO &amp#27;[0;39m &amp#27;[1;36m[turn=]&amp#27;[0;39m f.m.s.s.PureDomainBotDriver - Bot driver registered for session test-sid — bots: [player-bot] difficulties: {player-bot=EASY}
&amp#27;[34m23:08:09.178 INFO &amp#27;[0;39m &amp#27;[1;36m[turn=]&amp#27;[0;39m f.m.s.s.PureDomainBotDriver - Bot driver registered for session test-sid — bots: [player-bot] difficulties: {player-bot=EASY}
&amp#27;[34m23:08:09.178 INFO &amp#27;[0;39m &amp#27;[1;36m[turn=]&amp#27;[0;39m f.m.s.s.PureDomainBotDriver - Bot driver registered for session test-sid — bots: [player-bot] difficulties: {player-bot=EASY}
&amp#27;[34m23:08:09.179 INFO &amp#27;[0;39m &amp#27;[1;36m[turn=]&amp#27;[0;39m f.m.s.s.PureDomainBotDriver - Bot driver registered for session test-sid — bots: [player-bot] difficulties: {player-bot=EASY}
&amp#27;[34m23:08:09.179 INFO &amp#27;[0;39m &amp#27;[1;36m[turn=]&amp#27;[0;39m f.m.s.s.PureDomainBotDriver - Bot driver registered for session test-sid — bots: [player-bot] difficulties: {player-bot=EASY}
&amp#27;[34m23:08:09.179 INFO &amp#27;[0;39m &amp#27;[1;36m[turn=]&amp#27;[0;39m f.m.s.s.PureDomainBotDriver - Bot driver registered for session test-sid — bots: [player-bot] difficulties: {player-bot=EASY}
&amp#27;[34m23:08:09.180 INFO &amp#27;[0;39m &amp#27;[1;36m[turn=]&amp#27;[0;39m f.m.s.s.PureDomainBotDriver - Bot driver registered for session test-sid — bots: [player-bot] difficulties: {player-bot=EASY}
&amp#27;[34m23:08:09.180 INFO &amp#27;[0;39m &amp#27;[1;36m[turn=]&amp#27;[0;39m f.m.s.s.PureDomainBotDriver - Bot driver registered for session test-sid — bots: [player-bot] difficulties: {player-bot=EASY}
&amp#27;[34m23:08:09.181 INFO &amp#27;[0;39m &amp#27;[1;36m[turn=]&amp#27;[0;39m f.m.s.s.PureDomainBotDriver - Bot driver registered for session test-sid — bots: [player-bot] difficulties: {player-bot=EASY}
&amp#27;[34m23:08:09.181 INFO &amp#27;[0;39m &amp#27;[1;36m[turn=]&amp#27;[0;39m f.m.s.s.PureDomainBotDriver - Bot driver registered for session test-sid — bots: [player-bot] difficulties: {player-bot=EASY}
]]></system-out>
  </testcase>
  <testcase name="easyBotAlwaysDeclinesTrade" classname="fi.monopoly.server.session.PureDomainBotDriverTest" time="0.003">
    <system-out><![CDATA[&amp#27;[34m23:08:09.182 INFO &amp#27;[0;39m &amp#27;[1;36m[turn=]&amp#27;[0;39m f.m.s.s.PureDomainBotDriver - Bot driver registered for session test-sid — bots: [player-bot] difficulties: {player-bot=EASY}
]]></system-out>
  </testcase>
  <testcase name="normalBotAcceptsFavorableTradeOffer" classname="fi.monopoly.server.session.PureDomainBotDriverTest" time="0.002">
    <system-out><![CDATA[&amp#27;[34m23:08:09.186 INFO &amp#27;[0;39m &amp#27;[1;36m[turn=]&amp#27;[0;39m f.m.s.s.PureDomainBotDriver - Bot driver registered for session test-sid — bots: [player-bot] difficulties: {player-bot=NORMAL}
]]></system-out>
  </testcase>
  <testcase name="strongBotInitiatesTradeWhenPartnerHasGroupProperty" classname="fi.monopoly.server.session.PureDomainBotDriverTest" time="0.003">
    <system-out><![CDATA[&amp#27;[34m23:08:09.188 INFO &amp#27;[0;39m &amp#27;[1;36m[turn=]&amp#27;[0;39m f.m.s.s.PureDomainBotDriver - Bot driver registered for session test-sid — bots: [player-bot] difficulties: {player-bot=STRONG}
]]></system-out>
  </testcase>
  <testcase name="debtHandlerSellsBuildingFromEligiblePropertyUnderEvenSellingRule" classname="fi.monopoly.server.session.PureDomainBotDriverTest" time="0.011">
    <system-out><![CDATA[&amp#27;[34m23:08:09.190 INFO &amp#27;[0;39m &amp#27;[1;36m[turn=]&amp#27;[0;39m f.m.s.s.PureDomainBotDriver - Bot driver registered for session test-sid — bots: [player-bot] difficulties: {player-bot=NORMAL}
]]></system-out>
  </testcase>
</testsuite>