<?xml version="1.0" encoding="UTF-8"?>
<testsuite xmlns:xsi="http://www.w3.org/2001/XMLSchema-instance" xsi:noNamespaceSchemaLocation="https://maven.apache.org/surefire/maven-surefire-plugin/xsd/surefire-test-report.xsd" version="3.0.2" name="fi.monopoly.server.transport.SessionHttpServerTest" time="0.145" tests="8" errors="0" skipped="0" failures="0">
  <properties>
[...]
</properties>
  <testcase name="corsHeadersPresentOnSnapshotResponse" classname="fi.monopoly.server.transport.SessionHttpServerTest" time="0.021">
    <system-out><![CDATA[&amp#27;[34m23:08:11.484 INFO &amp#27;[0;39m &amp#27;[1;36m[turn=]&amp#27;[0;39m io.javalin.Javalin - Starting Javalin ...
&amp#27;[34m23:08:11.484 INFO &amp#27;[0;39m &amp#27;[1;36m[turn=]&amp#27;[0;39m o.e.jetty.server.Server - jetty-11.0.23; built: 2024-08-14T01:40:17.906Z; git: 6fcf5ccaebd7ca13a0cb96c96adca699a24080a0; jvm 21.0.10+7-LTS
&amp#27;[34m23:08:11.485 INFO &amp#27;[0;39m &amp#27;[1;36m[turn=]&amp#27;[0;39m o.e.j.s.s.DefaultSessionIdManager - Session workerName=node0
&amp#27;[34m23:08:11.486 INFO &amp#27;[0;39m &amp#27;[1;36m[turn=]&amp#27;[0;39m o.e.j.s.h.ContextHandler - Started o.e.j.s.ServletContextHandler@38eb0f4d{/,null,AVAILABLE}
&amp#27;[34m23:08:11.492 INFO &amp#27;[0;39m &amp#27;[1;36m[turn=]&amp#27;[0;39m o.e.j.s.AbstractConnector - Started ServerConnector@23f3da8b{HTTP/1.1, (http/1.1)}{0.0.0.0:61575}
&amp#27;[34m23:08:11.492 INFO &amp#27;[0;39m &amp#27;[1;36m[turn=]&amp#27;[0;39m o.e.jetty.server.Server - Started Server@252a8aae{STARTING}[11.0.23,sto=0] @3948ms
&amp#27;[34m23:08:11.492 INFO &amp#27;[0;39m &amp#27;[1;36m[turn=]&amp#27;[0;39m io.javalin.Javalin - 
       __                  ___           _____
      / /___ __   ______ _/ (_)___      / ___/
 __  / / __ `/ | / / __ `/ / / __ \    / __ \
/ /_/ / /_/ /| |/ / /_/ / / / / / /   / /_/ /
\____/\__,_/ |___/\__,_/_/_/_/ /_/    \____/

       https://javalin.io/documentation

&amp#27;[34m23:08:11.492 INFO &amp#27;[0;39m &amp#27;[1;36m[turn=]&amp#27;[0;39m io.javalin.Javalin - Javalin started in 9ms \o/
&amp#27;[34m23:08:11.492 INFO &amp#27;[0;39m &amp#27;[1;36m[turn=]&amp#27;[0;39m io.javalin.Javalin - Listening on http://localhost:61575/
&amp#27;[34m23:08:11.492 INFO &amp#27;[0;39m &amp#27;[1;36m[turn=]&amp#27;[0;39m io.javalin.Javalin - You are running Javalin 6.3.0 (released August 22, 2024. Your Javalin version is 623 days old. Consider checking for a newer version.).
&amp#27;[34m23:08:11.492 INFO &amp#27;[0;39m &amp#27;[1;36m[turn=]&amp#27;[0;39m f.m.s.t.SessionHttpServer - Session HTTP server started on port 61575
&amp#27;[34m23:08:11.501 INFO &amp#27;[0;39m &amp#27;[1;36m[turn=]&amp#27;[0;39m io.javalin.Javalin - Stopping Javalin ...
&amp#27;[34m23:08:11.501 INFO &amp#27;[0;39m &amp#27;[1;36m[turn=]&amp#27;[0;39m o.e.jetty.server.Server - Stopped Server@252a8aae{STOPPING}[11.0.23,sto=0]
&amp#27;[34m23:08:11.501 INFO &amp#27;[0;39m &amp#27;[1;36m[turn=]&amp#27;[0;39m o.e.j.s.AbstractConnector - Stopped ServerConnector@23f3da8b{HTTP/1.1, (http/1.1)}{0.0.0.0:61575}
&amp#27;[34m23:08:11.501 INFO &amp#27;[0;39m &amp#27;[1;36m[turn=]&amp#27;[0;39m o.e.j.s.h.ContextHandler - Stopped o.e.j.s.ServletContextHandler@38eb0f4d{/,null,STOPPED}
&amp#27;[34m23:08:11.502 INFO &amp#27;[0;39m &amp#27;[1;36m[turn=]&amp#27;[0;39m io.javalin.Javalin - Javalin has stopped
&amp#27;[34m23:08:11.502 INFO &amp#27;[0;39m &amp#27;[1;36m[turn=]&amp#27;[0;39m f.m.s.t.SessionHttpServer - Session HTTP server stopped
]]></system-out>
  </testcase>
  <testcase name="commandEndpoint_acceptedCommand_returns200" classname="fi.monopoly.server.transport.SessionHttpServerTest" time="0.019">
    <system-out><![CDATA[&amp#27;[34m23:08:11.505 INFO &amp#27;[0;39m &amp#27;[1;36m[turn=]&amp#27;[0;39m io.javalin.Javalin - Starting Javalin ...
&amp#27;[34m23:08:11.505 INFO &amp#27;[0;39m &amp#27;[1;36m[turn=]&amp#27;[0;39m o.e.jetty.server.Server - jetty-11.0.23; built: 2024-08-14T01:40:17.906Z; git: 6fcf5ccaebd7ca13a0cb96c96adca699a24080a0; jvm 21.0.10+7-LTS
&amp#27;[34m23:08:11.506 INFO &amp#27;[0;39m &amp#27;[1;36m[turn=]&amp#27;[0;39m o.e.j.s.s.DefaultSessionIdManager - Session workerName=node0
&amp#27;[34m23:08:11.507 INFO &amp#27;[0;39m &amp#27;[1;36m[turn=]&amp#27;[0;39m o.e.j.s.h.ContextHandler - Started o.e.j.s.ServletContextHandler@67e13bd0{/,null,AVAILABLE}
&amp#27;[34m23:08:11.512 INFO &amp#27;[0;39m &amp#27;[1;36m[turn=]&amp#27;[0;39m o.e.j.s.AbstractConnector - Started ServerConnector@2f897dab{HTTP/1.1, (http/1.1)}{0.0.0.0:61577}
&amp#27;[34m23:08:11.512 INFO &amp#27;[0;39m &amp#27;[1;36m[turn=]&amp#27;[0;39m o.e.jetty.server.Server - Started Server@242b6e1a{STARTING}[11.0.23,sto=0] @3969ms
&amp#27;[34m23:08:11.512 INFO &amp#27;[0;39m &amp#27;[1;36m[turn=]&amp#27;[0;39m io.javalin.Javalin - 
       __                  ___           _____
      / /___ __   ______ _/ (_)___      / ___/
 __  / / __ `/ | / / __ `/ / / __ \    / __ \
/ /_/ / /_/ /| |/ / /_/ / / / / / /   / /_/ /
\____/\__,_/ |___/\__,_/_/_/_/ /_/    \____/

       https://javalin.io/documentation

&amp#27;[34m23:08:11.512 INFO &amp#27;[0;39m &amp#27;[1;36m[turn=]&amp#27;[0;39m io.javalin.Javalin - Javalin started in 9ms \o/
&amp#27;[34m23:08:11.512 INFO &amp#27;[0;39m &amp#27;[1;36m[turn=]&amp#27;[0;39m io.javalin.Javalin - Listening on http://localhost:61577/
&amp#27;[34m23:08:11.512 INFO &amp#27;[0;39m &amp#27;[1;36m[turn=]&amp#27;[0;39m io.javalin.Javalin - You are running Javalin 6.3.0 (released August 22, 2024. Your Javalin version is 623 days old. Consider checking for a newer version.).
&amp#27;[34m23:08:11.512 INFO &amp#27;[0;39m &amp#27;[1;36m[turn=]&amp#27;[0;39m f.m.s.t.SessionHttpServer - Session HTTP server started on port 61577
&amp#27;[34m23:08:11.519 INFO &amp#27;[0;39m &amp#27;[1;36m[turn=]&amp#27;[0;39m io.javalin.Javalin - Stopping Javalin ...
&amp#27;[34m23:08:11.520 INFO &amp#27;[0;39m &amp#27;[1;36m[turn=]&amp#27;[0;39m o.e.jetty.server.Server - Stopped Server@242b6e1a{STOPPING}[11.0.23,sto=0]
&amp#27;[34m23:08:11.520 INFO &amp#27;[0;39m &amp#27;[1;36m[turn=]&amp#27;[0;39m o.e.j.s.AbstractConnector - Stopped ServerConnector@2f897dab{HTTP/1.1, (http/1.1)}{0.0.0.0:61577}
&amp#27;[34m23:08:11.521 INFO &amp#27;[0;39m &amp#27;[1;36m[turn=]&amp#27;[0;39m o.e.j.s.h.ContextHandler - Stopped o.e.j.s.ServletContextHandler@67e13bd0{/,null,STOPPED}
&amp#27;[34m23:08:11.521 INFO &amp#27;[0;39m &amp#27;[1;36m[turn=]&amp#27;[0;39m io.javalin.Javalin - Javalin has stopped
&amp#27;[34m23:08:11.521 INFO &amp#27;[0;39m &amp#27;[1;36m[turn=]&amp#27;[0;39m f.m.s.t.SessionHttpServer - Session HTTP server stopped
]]></system-out>
  </testcase>
  <testcase name="commandEndpoint_rejectedCommand_returns422" classname="fi.monopoly.server.transport.SessionHttpServerTest" time="0.017">
    <system-out><![CDATA[&amp#27;[34m23:08:11.523 INFO &amp#27;[0;39m &amp#27;[1;36m[turn=]&amp#27;[0;39m io.javalin.Javalin - Starting Javalin ...
&amp#27;[34m23:08:11.523 INFO &amp#27;[0;39m &amp#27;[1;36m[turn=]&amp#27;[0;39m o.e.jetty.server.Server - jetty-11.0.23; built: 2024-08-14T01:40:17.906Z; git: 6fcf5ccaebd7ca13a0cb96c96adca699a24080a0; jvm 21.0.10+7-LTS
&amp#27;[34m23:08:11.525 INFO &amp#27;[0;39m &amp#27;[1;36m[turn=]&amp#27;[0;39m o.e.j.s.s.DefaultSessionIdManager - Session workerName=node0
&amp#27;[34m23:08:11.525 INFO &amp#27;[0;39m &amp#27;[1;36m[turn=]&amp#27;[0;39m o.e.j.s.h.ContextHandler - Started o.e.j.s.ServletContextHandler@2938127d{/,null,AVAILABLE}
&amp#27;[34m23:08:11.530 INFO &amp#27;[0;39m &amp#27;[1;36m[turn=]&amp#27;[0;39m o.e.j.s.AbstractConnector - Started ServerConnector@291373d3{HTTP/1.1, (http/1.1)}{0.0.0.0:61579}
&amp#27;[34m23:08:11.530 INFO &amp#27;[0;39m &amp#27;[1;36m[turn=]&amp#27;[0;39m o.e.jetty.server.Server - Started Server@3204e238{STARTING}[11.0.23,sto=0] @3987ms
&amp#27;[34m23:08:11.530 INFO &amp#27;[0;39m &amp#27;[1;36m[turn=]&amp#27;[0;39m io.javalin.Javalin - 
       __                  ___           _____
      / /___ __   ______ _/ (_)___      / ___/
 __  / / __ `/ | / / __ `/ / / __ \    / __ \
/ /_/ / /_/ /| |/ / /_/ / / / / / /   / /_/ /
\____/\__,_/ |___/\__,_/_/_/_/ /_/    \____/

       https://javalin.io/documentation

&amp#27;[34m23:08:11.530 INFO &amp#27;[0;39m &amp#27;[1;36m[turn=]&amp#27;[0;39m io.javalin.Javalin - Javalin started in 7ms \o/
&amp#27;[34m23:08:11.530 INFO &amp#27;[0;39m &amp#27;[1;36m[turn=]&amp#27;[0;39m io.javalin.Javalin - Listening on http://localhost:61579/
&amp#27;[34m23:08:11.530 INFO &amp#27;[0;39m &amp#27;[1;36m[turn=]&amp#27;[0;39m io.javalin.Javalin - You are running Javalin 6.3.0 (released August 22, 2024. Your Javalin version is 623 days old. Consider checking for a newer version.).
&amp#27;[34m23:08:11.530 INFO &amp#27;[0;39m &amp#27;[1;36m[turn=]&amp#27;[0;39m f.m.s.t.SessionHttpServer - Session HTTP server started on port 61579
&amp#27;[34m23:08:11.537 INFO &amp#27;[0;39m &amp#27;[1;36m[turn=]&amp#27;[0;39m io.javalin.Javalin - Stopping Javalin ...
&amp#27;[34m23:08:11.537 INFO &amp#27;[0;39m &amp#27;[1;36m[turn=]&amp#27;[0;39m o.e.jetty.server.Server - Stopped Server@3204e238{STOPPING}[11.0.23,sto=0]
&amp#27;[34m23:08:11.538 INFO &amp#27;[0;39m &amp#27;[1;36m[turn=]&amp#27;[0;39m o.e.j.s.AbstractConnector - Stopped ServerConnector@291373d3{HTTP/1.1, (http/1.1)}{0.0.0.0:61579}
&amp#27;[34m23:08:11.538 INFO &amp#27;[0;39m &amp#27;[1;36m[turn=]&amp#27;[0;39m o.e.j.s.h.ContextHandler - Stopped o.e.j.s.ServletContextHandler@2938127d{/,null,STOPPED}
&amp#27;[34m23:08:11.538 INFO &amp#27;[0;39m &amp#27;[1;36m[turn=]&amp#27;[0;39m io.javalin.Javalin - Javalin has stopped
&amp#27;[34m23:08:11.538 INFO &amp#27;[0;39m &amp#27;[1;36m[turn=]&amp#27;[0;39m f.m.s.t.SessionHttpServer - Session HTTP server stopped
]]></system-out>
  </testcase>
  <testcase name="healthEndpoint" classname="fi.monopoly.server.transport.SessionHttpServerTest" time="0.017">
    <system-out><![CDATA[&amp#27;[34m23:08:11.540 INFO &amp#27;[0;39m &amp#27;[1;36m[turn=]&amp#27;[0;39m io.javalin.Javalin - Starting Javalin ...
&amp#27;[34m23:08:11.540 INFO &amp#27;[0;39m &amp#27;[1;36m[turn=]&amp#27;[0;39m o.e.jetty.server.Server - jetty-11.0.23; built: 2024-08-14T01:40:17.906Z; git: 6fcf5ccaebd7ca13a0cb96c96adca699a24080a0; jvm 21.0.10+7-LTS
&amp#27;[34m23:08:11.542 INFO &amp#27;[0;39m &amp#27;[1;36m[turn=]&amp#27;[0;39m o.e.j.s.s.DefaultSessionIdManager - Session workerName=node0
&amp#27;[34m23:08:11.542 INFO &amp#27;[0;39m &amp#27;[1;36m[turn=]&amp#27;[0;39m o.e.j.s.h.ContextHandler - Started o.e.j.s.ServletContextHandler@68f0f72c{/,null,AVAILABLE}
&amp#27;[34m23:08:11.548 INFO &amp#27;[0;39m &amp#27;[1;36m[turn=]&amp#27;[0;39m o.e.j.s.AbstractConnector - Started ServerConnector@3a66e67e{HTTP/1.1, (http/1.1)}{0.0.0.0:61581}
&amp#27;[34m23:08:11.548 INFO &amp#27;[0;39m &amp#27;[1;36m[turn=]&amp#27;[0;39m o.e.jetty.server.Server - Started Server@4596f8f3{STARTING}[11.0.23,sto=0] @4005ms
&amp#27;[34m23:08:11.548 INFO &amp#27;[0;39m &amp#27;[1;36m[turn=]&amp#27;[0;39m io.javalin.Javalin - 
       __                  ___           _____
      / /___ __   ______ _/ (_)___      / ___/
 __  / / __ `/ | / / __ `/ / / __ \    / __ \
/ /_/ / /_/ /| |/ / /_/ / / / / / /   / /_/ /
\____/\__,_/ |___/\__,_/_/_/_/ /_/    \____/

       https://javalin.io/documentation

&amp#27;[34m23:08:11.548 INFO &amp#27;[0;39m &amp#27;[1;36m[turn=]&amp#27;[0;39m io.javalin.Javalin - Javalin started in 8ms \o/
&amp#27;[34m23:08:11.548 INFO &amp#27;[0;39m &amp#27;[1;36m[turn=]&amp#27;[0;39m io.javalin.Javalin - Listening on http://localhost:61581/
&amp#27;[34m23:08:11.549 INFO &amp#27;[0;39m &amp#27;[1;36m[turn=]&amp#27;[0;39m io.javalin.Javalin - You are running Javalin 6.3.0 (released August 22, 2024. Your Javalin version is 623 days old. Consider checking for a newer version.).
&amp#27;[34m23:08:11.549 INFO &amp#27;[0;39m &amp#27;[1;36m[turn=]&amp#27;[0;39m f.m.s.t.SessionHttpServer - Session HTTP server started on port 61581
&amp#27;[34m23:08:11.554 INFO &amp#27;[0;39m &amp#27;[1;36m[turn=]&amp#27;[0;39m io.javalin.Javalin - Stopping Javalin ...
&amp#27;[34m23:08:11.554 INFO &amp#27;[0;39m &amp#27;[1;36m[turn=]&amp#27;[0;39m o.e.jetty.server.Server - Stopped Server@4596f8f3{STOPPING}[11.0.23,sto=0]
&amp#27;[34m23:08:11.555 INFO &amp#27;[0;39m &amp#27;[1;36m[turn=]&amp#27;[0;39m o.e.j.s.AbstractConnector - Stopped ServerConnector@3a66e67e{HTTP/1.1, (http/1.1)}{0.0.0.0:61581}
&amp#27;[34m23:08:11.555 INFO &amp#27;[0;39m &amp#27;[1;36m[turn=]&amp#27;[0;39m o.e.j.s.h.ContextHandler - Stopped o.e.j.s.ServletContextHandler@68f0f72c{/,null,STOPPED}
&amp#27;[34m23:08:11.555 INFO &amp#27;[0;39m &amp#27;[1;36m[turn=]&amp#27;[0;39m io.javalin.Javalin - Javalin has stopped
&amp#27;[34m23:08:11.555 INFO &amp#27;[0;39m &amp#27;[1;36m[turn=]&amp#27;[0;39m f.m.s.t.SessionHttpServer - Session HTTP server stopped
]]></system-out>
  </testcase>
  <testcase name="snapshotEndpoint_returnsCurrentSnapshot" classname="fi.monopoly.server.transport.SessionHttpServerTest" time="0.022">
    <system-out><![CDATA[&amp#27;[34m23:08:11.558 INFO &amp#27;[0;39m &amp#27;[1;36m[turn=]&amp#27;[0;39m io.javalin.Javalin - Starting Javalin ...
&amp#27;[34m23:08:11.558 INFO &amp#27;[0;39m &amp#27;[1;36m[turn=]&amp#27;[0;39m o.e.jetty.server.Server - jetty-11.0.23; built: 2024-08-14T01:40:17.906Z; git: 6fcf5ccaebd7ca13a0cb96c96adca699a24080a0; jvm 21.0.10+7-LTS
&amp#27;[34m23:08:11.559 INFO &amp#27;[0;39m &amp#27;[1;36m[turn=]&amp#27;[0;39m o.e.j.s.s.DefaultSessionIdManager - Session workerName=node0
&amp#27;[34m23:08:11.560 INFO &amp#27;[0;39m &amp#27;[1;36m[turn=]&amp#27;[0;39m o.e.j.s.h.ContextHandler - Started o.e.j.s.ServletContextHandler@363c4251{/,null,AVAILABLE}
&amp#27;[34m23:08:11.566 INFO &amp#27;[0;39m &amp#27;[1;36m[turn=]&amp#27;[0;39m o.e.j.s.AbstractConnector - Started ServerConnector@7a583586{HTTP/1.1, (http/1.1)}{0.0.0.0:61583}
&amp#27;[34m23:08:11.566 INFO &amp#27;[0;39m &amp#27;[1;36m[turn=]&amp#27;[0;39m o.e.jetty.server.Server - Started Server@17143b3b{STARTING}[11.0.23,sto=0] @4023ms
&amp#27;[34m23:08:11.566 INFO &amp#27;[0;39m &amp#27;[1;36m[turn=]&amp#27;[0;39m io.javalin.Javalin - 
       __                  ___           _____
      / /___ __   ______ _/ (_)___      / ___/
 __  / / __ `/ | / / __ `/ / / __ \    / __ \
/ /_/ / /_/ /| |/ / /_/ / / / / / /   / /_/ /
\____/\__,_/ |___/\__,_/_/_/_/ /_/    \____/

       https://javalin.io/documentation

&amp#27;[34m23:08:11.566 INFO &amp#27;[0;39m &amp#27;[1;36m[turn=]&amp#27;[0;39m io.javalin.Javalin - Javalin started in 8ms \o/
&amp#27;[34m23:08:11.566 INFO &amp#27;[0;39m &amp#27;[1;36m[turn=]&amp#27;[0;39m io.javalin.Javalin - Listening on http://localhost:61583/
&amp#27;[34m23:08:11.566 INFO &amp#27;[0;39m &amp#27;[1;36m[turn=]&amp#27;[0;39m io.javalin.Javalin - You are running Javalin 6.3.0 (released August 22, 2024. Your Javalin version is 623 days old. Consider checking for a newer version.).
&amp#27;[34m23:08:11.566 INFO &amp#27;[0;39m &amp#27;[1;36m[turn=]&amp#27;[0;39m f.m.s.t.SessionHttpServer - Session HTTP server started on port 61583
&amp#27;[34m23:08:11.576 INFO &amp#27;[0;39m &amp#27;[1;36m[turn=]&amp#27;[0;39m io.javalin.Javalin - Stopping Javalin ...
&amp#27;[34m23:08:11.577 INFO &amp#27;[0;39m &amp#27;[1;36m[turn=]&amp#27;[0;39m o.e.jetty.server.Server - Stopped Server@17143b3b{STOPPING}[11.0.23,sto=0]
&amp#27;[34m23:08:11.578 INFO &amp#27;[0;39m &amp#27;[1;36m[turn=]&amp#27;[0;39m o.e.j.s.AbstractConnector - Stopped ServerConnector@7a583586{HTTP/1.1, (http/1.1)}{0.0.0.0:61583}
&amp#27;[34m23:08:11.578 INFO &amp#27;[0;39m &amp#27;[1;36m[turn=]&amp#27;[0;39m o.e.j.s.h.ContextHandler - Stopped o.e.j.s.ServletContextHandler@363c4251{/,null,STOPPED}
&amp#27;[34m23:08:11.578 INFO &amp#27;[0;39m &amp#27;[1;36m[turn=]&amp#27;[0;39m io.javalin.Javalin - Javalin has stopped
&amp#27;[34m23:08:11.578 INFO &amp#27;[0;39m &amp#27;[1;36m[turn=]&amp#27;[0;39m f.m.s.t.SessionHttpServer - Session HTTP server stopped
]]></system-out>
  </testcase>
  <testcase name="commandEndpoint_wrongMethod_returns404or405" classname="fi.monopoly.server.transport.SessionHttpServerTest" time="0.017">
    <system-out><![CDATA[&amp#27;[34m23:08:11.581 INFO &amp#27;[0;39m &amp#27;[1;36m[turn=]&amp#27;[0;39m io.javalin.Javalin - Starting Javalin ...
&amp#27;[34m23:08:11.581 INFO &amp#27;[0;39m &amp#27;[1;36m[turn=]&amp#27;[0;39m o.e.jetty.server.Server - jetty-11.0.23; built: 2024-08-14T01:40:17.906Z; git: 6fcf5ccaebd7ca13a0cb96c96adca699a24080a0; jvm 21.0.10+7-LTS
&amp#27;[34m23:08:11.582 INFO &amp#27;[0;39m &amp#27;[1;36m[turn=]&amp#27;[0;39m o.e.j.s.s.DefaultSessionIdManager - Session workerName=node0
&amp#27;[34m23:08:11.583 INFO &amp#27;[0;39m &amp#27;[1;36m[turn=]&amp#27;[0;39m o.e.j.s.h.ContextHandler - Started o.e.j.s.ServletContextHandler@885e7ff{/,null,AVAILABLE}
&amp#27;[34m23:08:11.587 INFO &amp#27;[0;39m &amp#27;[1;36m[turn=]&amp#27;[0;39m o.e.j.s.AbstractConnector - Started ServerConnector@623ebac7{HTTP/1.1, (http/1.1)}{0.0.0.0:61585}
&amp#27;[34m23:08:11.587 INFO &amp#27;[0;39m &amp#27;[1;36m[turn=]&amp#27;[0;39m o.e.jetty.server.Server - Started Server@1ab5f08a{STARTING}[11.0.23,sto=0] @4044ms
&amp#27;[34m23:08:11.587 INFO &amp#27;[0;39m &amp#27;[1;36m[turn=]&amp#27;[0;39m io.javalin.Javalin - 
       __                  ___           _____
      / /___ __   ______ _/ (_)___      / ___/
 __  / / __ `/ | / / __ `/ / / __ \    / __ \
/ /_/ / /_/ /| |/ / /_/ / / / / / /   / /_/ /
\____/\__,_/ |___/\__,_/_/_/_/ /_/    \____/

       https://javalin.io/documentation

&amp#27;[34m23:08:11.587 INFO &amp#27;[0;39m &amp#27;[1;36m[turn=]&amp#27;[0;39m io.javalin.Javalin - Javalin started in 7ms \o/
&amp#27;[34m23:08:11.588 INFO &amp#27;[0;39m &amp#27;[1;36m[turn=]&amp#27;[0;39m io.javalin.Javalin - Listening on http://localhost:61585/
&amp#27;[34m23:08:11.588 INFO &amp#27;[0;39m &amp#27;[1;36m[turn=]&amp#27;[0;39m io.javalin.Javalin - You are running Javalin 6.3.0 (released August 22, 2024. Your Javalin version is 623 days old. Consider checking for a newer version.).
&amp#27;[34m23:08:11.588 INFO &amp#27;[0;39m &amp#27;[1;36m[turn=]&amp#27;[0;39m f.m.s.t.SessionHttpServer - Session HTTP server started on port 61585
&amp#27;[34m23:08:11.595 INFO &amp#27;[0;39m &amp#27;[1;36m[turn=]&amp#27;[0;39m io.javalin.Javalin - Stopping Javalin ...
&amp#27;[34m23:08:11.595 INFO &amp#27;[0;39m &amp#27;[1;36m[turn=]&amp#27;[0;39m o.e.jetty.server.Server - Stopped Server@1ab5f08a{STOPPING}[11.0.23,sto=0]
&amp#27;[34m23:08:11.596 INFO &amp#27;[0;39m &amp#27;[1;36m[turn=]&amp#27;[0;39m o.e.j.s.AbstractConnector - Stopped ServerConnector@623ebac7{HTTP/1.1, (http/1.1)}{0.0.0.0:61585}
&amp#27;[34m23:08:11.596 INFO &amp#27;[0;39m &amp#27;[1;36m[turn=]&amp#27;[0;39m o.e.j.s.h.ContextHandler - Stopped o.e.j.s.ServletContextHandler@885e7ff{/,null,STOPPED}
&amp#27;[34m23:08:11.596 INFO &amp#27;[0;39m &amp#27;[1;36m[turn=]&amp#27;[0;39m io.javalin.Javalin - Javalin has stopped
&amp#27;[34m23:08:11.596 INFO &amp#27;[0;39m &amp#27;[1;36m[turn=]&amp#27;[0;39m f.m.s.t.SessionHttpServer - Session HTTP server stopped
]]></system-out>
  </testcase>
  <testcase name="commandEndpoint_unknownType_returns400" classname="fi.monopoly.server.transport.SessionHttpServerTest" time="0.018">
    <system-out><![CDATA[&amp#27;[34m23:08:11.598 INFO &amp#27;[0;39m &amp#27;[1;36m[turn=]&amp#27;[0;39m io.javalin.Javalin - Starting Javalin ...
&amp#27;[34m23:08:11.598 INFO &amp#27;[0;39m &amp#27;[1;36m[turn=]&amp#27;[0;39m o.e.jetty.server.Server - jetty-11.0.23; built: 2024-08-14T01:40:17.906Z; git: 6fcf5ccaebd7ca13a0cb96c96adca699a24080a0; jvm 21.0.10+7-LTS
&amp#27;[34m23:08:11.599 INFO &amp#27;[0;39m &amp#27;[1;36m[turn=]&amp#27;[0;39m o.e.j.s.s.DefaultSessionIdManager - Session workerName=node0
&amp#27;[34m23:08:11.600 INFO &amp#27;[0;39m &amp#27;[1;36m[turn=]&amp#27;[0;39m o.e.j.s.h.ContextHandler - Started o.e.j.s.ServletContextHandler@1afd72ef{/,null,AVAILABLE}
&amp#27;[34m23:08:11.606 INFO &amp#27;[0;39m &amp#27;[1;36m[turn=]&amp#27;[0;39m o.e.j.s.AbstractConnector - Started ServerConnector@17273273{HTTP/1.1, (http/1.1)}{0.0.0.0:61587}
&amp#27;[34m23:08:11.606 INFO &amp#27;[0;39m &amp#27;[1;36m[turn=]&amp#27;[0;39m o.e.jetty.server.Server - Started Server@984169e{STARTING}[11.0.23,sto=0] @4062ms
&amp#27;[34m23:08:11.606 INFO &amp#27;[0;39m &amp#27;[1;36m[turn=]&amp#27;[0;39m io.javalin.Javalin - 
       __                  ___           _____
      / /___ __   ______ _/ (_)___      / ___/
 __  / / __ `/ | / / __ `/ / / __ \    / __ \
/ /_/ / /_/ /| |/ / /_/ / / / / / /   / /_/ /
\____/\__,_/ |___/\__,_/_/_/_/ /_/    \____/

       https://javalin.io/documentation

&amp#27;[34m23:08:11.606 INFO &amp#27;[0;39m &amp#27;[1;36m[turn=]&amp#27;[0;39m io.javalin.Javalin - Javalin started in 8ms \o/
&amp#27;[34m23:08:11.606 INFO &amp#27;[0;39m &amp#27;[1;36m[turn=]&amp#27;[0;39m io.javalin.Javalin - Listening on http://localhost:61587/
&amp#27;[34m23:08:11.606 INFO &amp#27;[0;39m &amp#27;[1;36m[turn=]&amp#27;[0;39m io.javalin.Javalin - You are running Javalin 6.3.0 (released August 22, 2024. Your Javalin version is 623 days old. Consider checking for a newer version.).
&amp#27;[34m23:08:11.606 INFO &amp#27;[0;39m &amp#27;[1;36m[turn=]&amp#27;[0;39m f.m.s.t.SessionHttpServer - Session HTTP server started on port 61587
&amp#27;[34m23:08:11.613 INFO &amp#27;[0;39m &amp#27;[1;36m[turn=]&amp#27;[0;39m io.javalin.Javalin - Stopping Javalin ...
&amp#27;[34m23:08:11.613 INFO &amp#27;[0;39m &amp#27;[1;36m[turn=]&amp#27;[0;39m o.e.jetty.server.Server - Stopped Server@984169e{STOPPING}[11.0.23,sto=0]
&amp#27;[34m23:08:11.614 INFO &amp#27;[0;39m &amp#27;[1;36m[turn=]&amp#27;[0;39m o.e.j.s.AbstractConnector - Stopped ServerConnector@17273273{HTTP/1.1, (http/1.1)}{0.0.0.0:61587}
&amp#27;[34m23:08:11.614 INFO &amp#27;[0;39m &amp#27;[1;36m[turn=]&amp#27;[0;39m o.e.j.s.h.ContextHandler - Stopped o.e.j.s.ServletContextHandler@1afd72ef{/,null,STOPPED}
&amp#27;[34m23:08:11.614 INFO &amp#27;[0;39m &amp#27;[1;36m[turn=]&amp#27;[0;39m io.javalin.Javalin - Javalin has stopped
&amp#27;[34m23:08:11.614 INFO &amp#27;[0;39m &amp#27;[1;36m[turn=]&amp#27;[0;39m f.m.s.t.SessionHttpServer - Session HTTP server stopped
]]></system-out>
  </testcase>
  <testcase name="noSharedListenerRegisteredAtStartup" classname="fi.monopoly.server.transport.SessionHttpServerTest" time="0.012">
    <system-out><![CDATA[&amp#27;[34m23:08:11.616 INFO &amp#27;[0;39m &amp#27;[1;36m[turn=]&amp#27;[0;39m io.javalin.Javalin - Starting Javalin ...
&amp#27;[34m23:08:11.617 INFO &amp#27;[0;39m &amp#27;[1;36m[turn=]&amp#27;[0;39m o.e.jetty.server.Server - jetty-11.0.23; built: 2024-08-14T01:40:17.906Z; git: 6fcf5ccaebd7ca13a0cb96c96adca699a24080a0; jvm 21.0.10+7-LTS
&amp#27;[34m23:08:11.618 INFO &amp#27;[0;39m &amp#27;[1;36m[turn=]&amp#27;[0;39m o.e.j.s.s.DefaultSessionIdManager - Session workerName=node0
&amp#27;[34m23:08:11.618 INFO &amp#27;[0;39m &amp#27;[1;36m[turn=]&amp#27;[0;39m o.e.j.s.h.ContextHandler - Started o.e.j.s.ServletContextHandler@459f703f{/,null,AVAILABLE}
&amp#27;[34m23:08:11.624 INFO &amp#27;[0;39m &amp#27;[1;36m[turn=]&amp#27;[0;39m o.e.j.s.AbstractConnector - Started ServerConnector@544e8149{HTTP/1.1, (http/1.1)}{0.0.0.0:61589}
&amp#27;[34m23:08:11.624 INFO &amp#27;[0;39m &amp#27;[1;36m[turn=]&amp#27;[0;39m o.e.jetty.server.Server - Started Server@1a96d94c{STARTING}[11.0.23,sto=0] @4081ms
&amp#27;[34m23:08:11.624 INFO &amp#27;[0;39m &amp#27;[1;36m[turn=]&amp#27;[0;39m io.javalin.Javalin - 
       __                  ___           _____
      / /___ __   ______ _/ (_)___      / ___/
 __  / / __ `/ | / / __ `/ / / __ \    / __ \
/ /_/ / /_/ /| |/ / /_/ / / / / / /   / /_/ /
\____/\__,_/ |___/\__,_/_/_/_/ /_/    \____/

       https://javalin.io/documentation

&amp#27;[34m23:08:11.624 INFO &amp#27;[0;39m &amp#27;[1;36m[turn=]&amp#27;[0;39m io.javalin.Javalin - Javalin started in 8ms \o/
&amp#27;[34m23:08:11.624 INFO &amp#27;[0;39m &amp#27;[1;36m[turn=]&amp#27;[0;39m io.javalin.Javalin - Listening on http://localhost:61589/
&amp#27;[34m23:08:11.624 INFO &amp#27;[0;39m &amp#27;[1;36m[turn=]&amp#27;[0;39m io.javalin.Javalin - You are running Javalin 6.3.0 (released August 22, 2024. Your Javalin version is 623 days old. Consider checking for a newer version.).
&amp#27;[34m23:08:11.624 INFO &amp#27;[0;39m &amp#27;[1;36m[turn=]&amp#27;[0;39m f.m.s.t.SessionHttpServer - Session HTTP server started on port 61589
&amp#27;[34m23:08:11.625 INFO &amp#27;[0;39m &amp#27;[1;36m[turn=]&amp#27;[0;39m io.javalin.Javalin - Stopping Javalin ...
&amp#27;[34m23:08:11.625 INFO &amp#27;[0;39m &amp#27;[1;36m[turn=]&amp#27;[0;39m o.e.jetty.server.Server - Stopped Server@1a96d94c{STOPPING}[11.0.23,sto=0]
&amp#27;[34m23:08:11.625 INFO &amp#27;[0;39m &amp#27;[1;36m[turn=]&amp#27;[0;39m o.e.j.s.AbstractConnector - Stopped ServerConnector@544e8149{HTTP/1.1, (http/1.1)}{0.0.0.0:61589}
&amp#27;[34m23:08:11.625 INFO &amp#27;[0;39m &amp#27;[1;36m[turn=]&amp#27;[0;39m o.e.j.s.h.ContextHandler - Stopped o.e.j.s.ServletContextHandler@459f703f{/,null,STOPPED}
&amp#27;[34m23:08:11.625 INFO &amp#27;[0;39m &amp#27;[1;36m[turn=]&amp#27;[0;39m io.javalin.Javalin - Javalin has stopped
&amp#27;[34m23:08:11.625 INFO &amp#27;[0;39m &amp#27;[1;36m[turn=]&amp#27;[0;39m f.m.s.t.SessionHttpServer - Session HTTP server stopped
]]></system-out>
  </testcase>
</testsuite>