<?xml version="1.0" encoding="UTF-8"?>
<testsuite xmlns:xsi="http://www.w3.org/2001/XMLSchema-instance" xsi:noNamespaceSchemaLocation="https://maven.apache.org/surefire/maven-surefire-plugin/xsd/surefire-test-report.xsd" version="3.0.2" name="fi.monopoly.server.session.SessionServerIntegrationTest" time="0.08" tests="4" errors="0" skipped="0" failures="0">
  <properties>
[...]
</properties>
  <testcase name="snapshotEndpointReturnsPublisherSnapshot" classname="fi.monopoly.server.session.SessionServerIntegrationTest" time="0.026">
    <system-out><![CDATA[&amp#27;[34m23:08:11.182 INFO &amp#27;[0;39m &amp#27;[1;36m[turn=]&amp#27;[0;39m io.javalin.Javalin - Starting Javalin ...
&amp#27;[34m23:08:11.182 INFO &amp#27;[0;39m &amp#27;[1;36m[turn=]&amp#27;[0;39m o.e.jetty.server.Server - jetty-11.0.23; built: 2024-08-14T01:40:17.906Z; git: 6fcf5ccaebd7ca13a0cb96c96adca699a24080a0; jvm 21.0.10+7-LTS
&amp#27;[34m23:08:11.183 INFO &amp#27;[0;39m &amp#27;[1;36m[turn=]&amp#27;[0;39m o.e.j.s.s.DefaultSessionIdManager - Session workerName=node0
&amp#27;[34m23:08:11.184 INFO &amp#27;[0;39m &amp#27;[1;36m[turn=]&amp#27;[0;39m o.e.j.s.h.ContextHandler - Started o.e.j.s.ServletContextHandler@69391e08{/,null,AVAILABLE}
&amp#27;[34m23:08:11.190 INFO &amp#27;[0;39m &amp#27;[1;36m[turn=]&amp#27;[0;39m o.e.j.s.AbstractConnector - Started ServerConnector@50756c76{HTTP/1.1, (http/1.1)}{0.0.0.0:61553}
&amp#27;[34m23:08:11.190 INFO &amp#27;[0;39m &amp#27;[1;36m[turn=]&amp#27;[0;39m o.e.jetty.server.Server - Started Server@1729ec00{STARTING}[11.0.23,sto=0] @3647ms
&amp#27;[34m23:08:11.190 INFO &amp#27;[0;39m &amp#27;[1;36m[turn=]&amp#27;[0;39m io.javalin.Javalin - 
       __                  ___           _____
      / /___ __   ______ _/ (_)___      / ___/
 __  / / __ `/ | / / __ `/ / / __ \    / __ \
/ /_/ / /_/ /| |/ / /_/ / / / / / /   / /_/ /
\____/\__,_/ |___/\__,_/_/_/_/ /_/    \____/

       https://javalin.io/documentation

&amp#27;[34m23:08:11.190 INFO &amp#27;[0;39m &amp#27;[1;36m[turn=]&amp#27;[0;39m io.javalin.Javalin - Javalin started in 9ms \o/
&amp#27;[34m23:08:11.190 INFO &amp#27;[0;39m &amp#27;[1;36m[turn=]&amp#27;[0;39m io.javalin.Javalin - Listening on http://localhost:61553/
&amp#27;[34m23:08:11.191 INFO &amp#27;[0;39m &amp#27;[1;36m[turn=]&amp#27;[0;39m io.javalin.Javalin - You are running Javalin 6.3.0 (released August 22, 2024. Your Javalin version is 623 days old. Consider checking for a newer version.).
&amp#27;[34m23:08:11.191 INFO &amp#27;[0;39m &amp#27;[1;36m[turn=]&amp#27;[0;39m f.m.s.t.SessionHttpServer - Session HTTP server started on port 61553
&amp#27;[34m23:08:11.191 INFO &amp#27;[0;39m &amp#27;[1;36m[turn=]&amp#27;[0;39m f.m.s.session.SessionServer - Session server started on port 61553
&amp#27;[34m23:08:11.203 INFO &amp#27;[0;39m &amp#27;[1;36m[turn=]&amp#27;[0;39m io.javalin.Javalin - Stopping Javalin ...
&amp#27;[34m23:08:11.203 INFO &amp#27;[0;39m &amp#27;[1;36m[turn=]&amp#27;[0;39m o.e.jetty.server.Server - Stopped Server@1729ec00{STOPPING}[11.0.23,sto=0]
&amp#27;[34m23:08:11.205 INFO &amp#27;[0;39m &amp#27;[1;36m[turn=]&amp#27;[0;39m o.e.j.s.AbstractConnector - Stopped ServerConnector@50756c76{HTTP/1.1, (http/1.1)}{0.0.0.0:61553}
&amp#27;[34m23:08:11.205 INFO &amp#27;[0;39m &amp#27;[1;36m[turn=]&amp#27;[0;39m o.e.j.s.h.ContextHandler - Stopped o.e.j.s.ServletContextHandler@69391e08{/,null,STOPPED}
&amp#27;[34m23:08:11.205 INFO &amp#27;[0;39m &amp#27;[1;36m[turn=]&amp#27;[0;39m io.javalin.Javalin - Javalin has stopped
&amp#27;[34m23:08:11.205 INFO &amp#27;[0;39m &amp#27;[1;36m[turn=]&amp#27;[0;39m f.m.s.t.SessionHttpServer - Session HTTP server stopped
]]></system-out>
  </testcase>
  <testcase name="rejectedCommandViaHttpDoesNotNotifyListeners" classname="fi.monopoly.server.session.SessionServerIntegrationTest" time="0.019">
    <system-out><![CDATA[&amp#27;[34m23:08:11.207 INFO &amp#27;[0;39m &amp#27;[1;36m[turn=]&amp#27;[0;39m io.javalin.Javalin - Starting Javalin ...
&amp#27;[34m23:08:11.207 INFO &amp#27;[0;39m &amp#27;[1;36m[turn=]&amp#27;[0;39m o.e.jetty.server.Server - jetty-11.0.23; built: 2024-08-14T01:40:17.906Z; git: 6fcf5ccaebd7ca13a0cb96c96adca699a24080a0; jvm 21.0.10+7-LTS
&amp#27;[34m23:08:11.209 INFO &amp#27;[0;39m &amp#27;[1;36m[turn=]&amp#27;[0;39m o.e.j.s.s.DefaultSessionIdManager - Session workerName=node0
&amp#27;[34m23:08:11.209 INFO &amp#27;[0;39m &amp#27;[1;36m[turn=]&amp#27;[0;39m o.e.j.s.h.ContextHandler - Started o.e.j.s.ServletContextHandler@78c1372d{/,null,AVAILABLE}
&amp#27;[34m23:08:11.215 INFO &amp#27;[0;39m &amp#27;[1;36m[turn=]&amp#27;[0;39m o.e.j.s.AbstractConnector - Started ServerConnector@25b52284{HTTP/1.1, (http/1.1)}{0.0.0.0:61555}
&amp#27;[34m23:08:11.215 INFO &amp#27;[0;39m &amp#27;[1;36m[turn=]&amp#27;[0;39m o.e.jetty.server.Server - Started Server@782be4eb{STARTING}[11.0.23,sto=0] @3672ms
&amp#27;[34m23:08:11.215 INFO &amp#27;[0;39m &amp#27;[1;36m[turn=]&amp#27;[0;39m io.javalin.Javalin - 
       __                  ___           _____
      / /___ __   ______ _/ (_)___      / ___/
 __  / / __ `/ | / / __ `/ / / __ \    / __ \
/ /_/ / /_/ /| |/ / /_/ / / / / / /   / /_/ /
\____/\__,_/ |___/\__,_/_/_/_/ /_/    \____/

       https://javalin.io/documentation

&amp#27;[34m23:08:11.215 INFO &amp#27;[0;39m &amp#27;[1;36m[turn=]&amp#27;[0;39m io.javalin.Javalin - Javalin started in 8ms \o/
&amp#27;[34m23:08:11.215 INFO &amp#27;[0;39m &amp#27;[1;36m[turn=]&amp#27;[0;39m io.javalin.Javalin - Listening on http://localhost:61555/
&amp#27;[34m23:08:11.215 INFO &amp#27;[0;39m &amp#27;[1;36m[turn=]&amp#27;[0;39m io.javalin.Javalin - You are running Javalin 6.3.0 (released August 22, 2024. Your Javalin version is 623 days old. Consider checking for a newer version.).
&amp#27;[34m23:08:11.215 INFO &amp#27;[0;39m &amp#27;[1;36m[turn=]&amp#27;[0;39m f.m.s.t.SessionHttpServer - Session HTTP server started on port 61555
&amp#27;[34m23:08:11.215 INFO &amp#27;[0;39m &amp#27;[1;36m[turn=]&amp#27;[0;39m f.m.s.session.SessionServer - Session server started on port 61555
&amp#27;[34m23:08:11.222 INFO &amp#27;[0;39m &amp#27;[1;36m[turn=]&amp#27;[0;39m io.javalin.Javalin - Stopping Javalin ...
&amp#27;[34m23:08:11.222 INFO &amp#27;[0;39m &amp#27;[1;36m[turn=]&amp#27;[0;39m o.e.jetty.server.Server - Stopped Server@782be4eb{STOPPING}[11.0.23,sto=0]
&amp#27;[34m23:08:11.223 INFO &amp#27;[0;39m &amp#27;[1;36m[turn=]&amp#27;[0;39m o.e.j.s.AbstractConnector - Stopped ServerConnector@25b52284{HTTP/1.1, (http/1.1)}{0.0.0.0:61555}
&amp#27;[34m23:08:11.223 INFO &amp#27;[0;39m &amp#27;[1;36m[turn=]&amp#27;[0;39m o.e.j.s.h.ContextHandler - Stopped o.e.j.s.ServletContextHandler@78c1372d{/,null,STOPPED}
&amp#27;[34m23:08:11.223 INFO &amp#27;[0;39m &amp#27;[1;36m[turn=]&amp#27;[0;39m io.javalin.Javalin - Javalin has stopped
&amp#27;[34m23:08:11.223 INFO &amp#27;[0;39m &amp#27;[1;36m[turn=]&amp#27;[0;39m f.m.s.t.SessionHttpServer - Session HTTP server stopped
]]></system-out>
  </testcase>
  <testcase name="acceptedCommandViaHttpNotifiesListeners" classname="fi.monopoly.server.session.SessionServerIntegrationTest" time="0.018">
    <system-out><![CDATA[&amp#27;[34m23:08:11.226 INFO &amp#27;[0;39m &amp#27;[1;36m[turn=]&amp#27;[0;39m io.javalin.Javalin - Starting Javalin ...
&amp#27;[34m23:08:11.226 INFO &amp#27;[0;39m &amp#27;[1;36m[turn=]&amp#27;[0;39m o.e.jetty.server.Server - jetty-11.0.23; built: 2024-08-14T01:40:17.906Z; git: 6fcf5ccaebd7ca13a0cb96c96adca699a24080a0; jvm 21.0.10+7-LTS
&amp#27;[34m23:08:11.227 INFO &amp#27;[0;39m &amp#27;[1;36m[turn=]&amp#27;[0;39m o.e.j.s.s.DefaultSessionIdManager - Session workerName=node0
&amp#27;[34m23:08:11.227 INFO &amp#27;[0;39m &amp#27;[1;36m[turn=]&amp#27;[0;39m o.e.j.s.h.ContextHandler - Started o.e.j.s.ServletContextHandler@17690e14{/,null,AVAILABLE}
&amp#27;[34m23:08:11.233 INFO &amp#27;[0;39m &amp#27;[1;36m[turn=]&amp#27;[0;39m o.e.j.s.AbstractConnector - Started ServerConnector@7c251f90{HTTP/1.1, (http/1.1)}{0.0.0.0:61557}
&amp#27;[34m23:08:11.233 INFO &amp#27;[0;39m &amp#27;[1;36m[turn=]&amp#27;[0;39m o.e.jetty.server.Server - Started Server@5ba26eb0{STARTING}[11.0.23,sto=0] @3690ms
&amp#27;[34m23:08:11.233 INFO &amp#27;[0;39m &amp#27;[1;36m[turn=]&amp#27;[0;39m io.javalin.Javalin - 
       __                  ___           _____
      / /___ __   ______ _/ (_)___      / ___/
 __  / / __ `/ | / / __ `/ / / __ \    / __ \
/ /_/ / /_/ /| |/ / /_/ / / / / / /   / /_/ /
\____/\__,_/ |___/\__,_/_/_/_/ /_/    \____/

       https://javalin.io/documentation

&amp#27;[34m23:08:11.233 INFO &amp#27;[0;39m &amp#27;[1;36m[turn=]&amp#27;[0;39m io.javalin.Javalin - Javalin started in 8ms \o/
&amp#27;[34m23:08:11.233 INFO &amp#27;[0;39m &amp#27;[1;36m[turn=]&amp#27;[0;39m io.javalin.Javalin - Listening on http://localhost:61557/
&amp#27;[34m23:08:11.234 INFO &amp#27;[0;39m &amp#27;[1;36m[turn=]&amp#27;[0;39m io.javalin.Javalin - You are running Javalin 6.3.0 (released August 22, 2024. Your Javalin version is 623 days old. Consider checking for a newer version.).
&amp#27;[34m23:08:11.234 INFO &amp#27;[0;39m &amp#27;[1;36m[turn=]&amp#27;[0;39m f.m.s.t.SessionHttpServer - Session HTTP server started on port 61557
&amp#27;[34m23:08:11.234 INFO &amp#27;[0;39m &amp#27;[1;36m[turn=]&amp#27;[0;39m f.m.s.session.SessionServer - Session server started on port 61557
&amp#27;[34m23:08:11.241 INFO &amp#27;[0;39m &amp#27;[1;36m[turn=]&amp#27;[0;39m io.javalin.Javalin - Stopping Javalin ...
&amp#27;[34m23:08:11.241 INFO &amp#27;[0;39m &amp#27;[1;36m[turn=]&amp#27;[0;39m o.e.jetty.server.Server - Stopped Server@5ba26eb0{STOPPING}[11.0.23,sto=0]
&amp#27;[34m23:08:11.242 INFO &amp#27;[0;39m &amp#27;[1;36m[turn=]&amp#27;[0;39m o.e.j.s.AbstractConnector - Stopped ServerConnector@7c251f90{HTTP/1.1, (http/1.1)}{0.0.0.0:61557}
&amp#27;[34m23:08:11.242 INFO &amp#27;[0;39m &amp#27;[1;36m[turn=]&amp#27;[0;39m o.e.j.s.h.ContextHandler - Stopped o.e.j.s.ServletContextHandler@17690e14{/,null,STOPPED}
&amp#27;[34m23:08:11.242 INFO &amp#27;[0;39m &amp#27;[1;36m[turn=]&amp#27;[0;39m io.javalin.Javalin - Javalin has stopped
&amp#27;[34m23:08:11.242 INFO &amp#27;[0;39m &amp#27;[1;36m[turn=]&amp#27;[0;39m f.m.s.t.SessionHttpServer - Session HTTP server stopped
]]></system-out>
  </testcase>
  <testcase name="healthEndpointResponds" classname="fi.monopoly.server.session.SessionServerIntegrationTest" time="0.017">
    <system-out><![CDATA[&amp#27;[34m23:08:11.244 INFO &amp#27;[0;39m &amp#27;[1;36m[turn=]&amp#27;[0;39m io.javalin.Javalin - Starting Javalin ...
&amp#27;[34m23:08:11.244 INFO &amp#27;[0;39m &amp#27;[1;36m[turn=]&amp#27;[0;39m o.e.jetty.server.Server - jetty-11.0.23; built: 2024-08-14T01:40:17.906Z; git: 6fcf5ccaebd7ca13a0cb96c96adca699a24080a0; jvm 21.0.10+7-LTS
&amp#27;[34m23:08:11.245 INFO &amp#27;[0;39m &amp#27;[1;36m[turn=]&amp#27;[0;39m o.e.j.s.s.DefaultSessionIdManager - Session workerName=node0
&amp#27;[34m23:08:11.246 INFO &amp#27;[0;39m &amp#27;[1;36m[turn=]&amp#27;[0;39m o.e.j.s.h.ContextHandler - Started o.e.j.s.ServletContextHandler@47ffe971{/,null,AVAILABLE}
&amp#27;[34m23:08:11.251 INFO &amp#27;[0;39m &amp#27;[1;36m[turn=]&amp#27;[0;39m o.e.j.s.AbstractConnector - Started ServerConnector@4d3ca6c7{HTTP/1.1, (http/1.1)}{0.0.0.0:61559}
&amp#27;[34m23:08:11.251 INFO &amp#27;[0;39m &amp#27;[1;36m[turn=]&amp#27;[0;39m o.e.jetty.server.Server - Started Server@6a638c79{STARTING}[11.0.23,sto=0] @3708ms
&amp#27;[34m23:08:11.251 INFO &amp#27;[0;39m &amp#27;[1;36m[turn=]&amp#27;[0;39m io.javalin.Javalin - 
       __                  ___           _____
      / /___ __   ______ _/ (_)___      / ___/
 __  / / __ `/ | / / __ `/ / / __ \    / __ \
/ /_/ / /_/ /| |/ / /_/ / / / / / /   / /_/ /
\____/\__,_/ |___/\__,_/_/_/_/ /_/    \____/

       https://javalin.io/documentation

&amp#27;[34m23:08:11.251 INFO &amp#27;[0;39m &amp#27;[1;36m[turn=]&amp#27;[0;39m io.javalin.Javalin - Javalin started in 7ms \o/
&amp#27;[34m23:08:11.251 INFO &amp#27;[0;39m &amp#27;[1;36m[turn=]&amp#27;[0;39m io.javalin.Javalin - Listening on http://localhost:61559/
&amp#27;[34m23:08:11.252 INFO &amp#27;[0;39m &amp#27;[1;36m[turn=]&amp#27;[0;39m io.javalin.Javalin - You are running Javalin 6.3.0 (released August 22, 2024. Your Javalin version is 623 days old. Consider checking for a newer version.).
&amp#27;[34m23:08:11.252 INFO &amp#27;[0;39m &amp#27;[1;36m[turn=]&amp#27;[0;39m f.m.s.t.SessionHttpServer - Session HTTP server started on port 61559
&amp#27;[34m23:08:11.252 INFO &amp#27;[0;39m &amp#27;[1;36m[turn=]&amp#27;[0;39m f.m.s.session.SessionServer - Session server started on port 61559
&amp#27;[34m23:08:11.257 INFO &amp#27;[0;39m &amp#27;[1;36m[turn=]&amp#27;[0;39m io.javalin.Javalin - Stopping Javalin ...
&amp#27;[34m23:08:11.257 INFO &amp#27;[0;39m &amp#27;[1;36m[turn=]&amp#27;[0;39m o.e.jetty.server.Server - Stopped Server@6a638c79{STOPPING}[11.0.23,sto=0]
&amp#27;[34m23:08:11.258 INFO &amp#27;[0;39m &amp#27;[1;36m[turn=]&amp#27;[0;39m o.e.j.s.AbstractConnector - Stopped ServerConnector@4d3ca6c7{HTTP/1.1, (http/1.1)}{0.0.0.0:61559}
&amp#27;[34m23:08:11.258 INFO &amp#27;[0;39m &amp#27;[1;36m[turn=]&amp#27;[0;39m o.e.j.s.h.ContextHandler - Stopped o.e.j.s.ServletContextHandler@47ffe971{/,null,STOPPED}
&amp#27;[34m23:08:11.259 INFO &amp#27;[0;39m &amp#27;[1;36m[turn=]&amp#27;[0;39m io.javalin.Javalin - Javalin has stopped
&amp#27;[34m23:08:11.259 INFO &amp#27;[0;39m &amp#27;[1;36m[turn=]&amp#27;[0;39m f.m.s.t.SessionHttpServer - Session HTTP server stopped
]]></system-out>
  </testcase>
</testsuite>